<?xml version="1.0" encoding="UTF-8"?>
<!-- Generated by org.testng.reporters.JUnitXMLReporter -->
<testsuite ignored="0" hostname="ACE" failures="0" tests="7" name="Chrome Browser Test Cases" time="26.558" errors="0" timestamp="2024-12-18T18:04:24 IST">
  <testcase classname="testng.TestNG_11_CrossBrowserTesting" name="facebook" time="3.034"/>
  <testcase classname="testng.TestNG_11_CrossBrowserTesting" name="googleSelenium" time="4.662"/>
  <testcase classname="testng.TestNG_11_CrossBrowserTesting" name="googlesearch" time="3.312"/>
  <testcase classname="testng.TestNG_11_CrossBrowserTesting" name="googletechlearn" time="3.651"/>
  <testcase classname="testng.TestNG_11_CrossBrowserTesting" name="googletest" time="3.455"/>
  <testcase classname="testng.TestNG_11_CrossBrowserTesting" name="googletestBeng" time="3.502"/>
  <testcase classname="testng.TestNG_11_CrossBrowserTesting" name="selenium" time="3.675"/>
</testsuite> <!-- Chrome Browser Test Cases -->
