<?xml version="1.0" encoding="UTF-8"?>
<!-- Generated by org.testng.reporters.JUnitXMLReporter -->
<testsuite ignored="0" hostname="ACE" failures="0" tests="7" name="Edge Browser Test Cases" time="51.486" errors="0" timestamp="2024-12-18T18:06:19 IST">
  <testcase classname="testng.TestNG_11_CrossBrowserTesting" name="facebook" time="4.021"/>
  <testcase classname="testng.TestNG_11_CrossBrowserTesting" name="googleSelenium" time="4.318"/>
  <testcase classname="testng.TestNG_11_CrossBrowserTesting" name="googlesearch" time="3.187"/>
  <testcase classname="testng.TestNG_11_CrossBrowserTesting" name="googletechlearn" time="3.958"/>
  <testcase classname="testng.TestNG_11_CrossBrowserTesting" name="googletest" time="3.551"/>
  <testcase classname="testng.TestNG_11_CrossBrowserTesting" name="googletestBeng" time="3.456"/>
  <testcase classname="testng.TestNG_11_CrossBrowserTesting" name="selenium" time="4.486"/>
</testsuite> <!-- Edge Browser Test Cases -->
