<?xml version="1.0" encoding="UTF-8"?>
<!-- Generated by org.testng.reporters.JUnitXMLReporter -->
<testsuite ignored="0" hostname="ACE" failures="0" tests="7" name="Firefox Browser Test Cases" time="63.428" errors="0" timestamp="2024-12-18T18:05:28 IST">
  <testcase classname="testng.TestNG_11_CrossBrowserTesting" name="facebook" time="3.266"/>
  <testcase classname="testng.TestNG_11_CrossBrowserTesting" name="googleSelenium" time="4.652"/>
  <testcase classname="testng.TestNG_11_CrossBrowserTesting" name="googlesearch" time="2.925"/>
  <testcase classname="testng.TestNG_11_CrossBrowserTesting" name="googletechlearn" time="2.843"/>
  <testcase classname="testng.TestNG_11_CrossBrowserTesting" name="googletest" time="3.107"/>
  <testcase classname="testng.TestNG_11_CrossBrowserTesting" name="googletestBeng" time="3.509"/>
  <testcase classname="testng.TestNG_11_CrossBrowserTesting" name="selenium" time="3.376"/>
</testsuite> <!-- Firefox Browser Test Cases -->
