<?xml version="1.0" encoding="UTF-8"?>
<testng-results ignored="0" total="1" passed="1" failed="0" skipped="0">
  <reporter-output>
  </reporter-output>
  <suite started-at="2024-12-28T08:17:46 IST" name="Default suite" finished-at="2024-12-28T08:17:48 IST" duration-ms="2647">
    <groups>
    </groups>
    <test started-at="2024-12-28T08:17:46 IST" name="Default test" finished-at="2024-12-28T08:17:48 IST" duration-ms="2647">
      <class name="alerts.Git">
        <test-method is-config="true" signature="beforeTest()[pri:0, instance:alerts.Git@5b7a5baa]" started-at="2024-12-28T08:17:46 IST" name="beforeTest" finished-at="2024-12-28T08:17:48 IST" duration-ms="2607" status="PASS">
          <reporter-output>
          </reporter-output>
        </test-method> <!-- beforeTest -->
        <test-method signature="demo()[pri:0, instance:alerts.Git@5b7a5baa]" started-at="2024-12-28T08:17:48 IST" name="demo" finished-at="2024-12-28T08:17:48 IST" duration-ms="8" status="PASS">
          <reporter-output>
          </reporter-output>
        </test-method> <!-- demo -->
      </class> <!-- alerts.Git -->
    </test> <!-- Default test -->
  </suite> <!-- Default suite -->
</testng-results>
